Analysis & Synthesis report for finalproject
Tue Apr 30 23:11:40 2024
Quartus Prime Version 22.1std.1 Build 917 02/14/2023 SC Standard Edition


---------------------
; Table of Contents ;
---------------------
  1. Legal Notice
  2. Analysis & Synthesis Summary
  3. Analysis & Synthesis Settings
  4. Parallel Compilation
  5. Analysis & Synthesis Source Files Read
  6. Analysis & Synthesis Resource Usage Summary
  7. Analysis & Synthesis Resource Utilization by Entity
  8. State Machine - |main|FSM:inst1|CurrentState
  9. Registers Removed During Synthesis
 10. General Register Statistics
 11. Multiplexer Restructuring Statistics (Restructuring Performed)
 12. Post-Synthesis Netlist Statistics for Top Partition
 13. Elapsed Time Per Partition
 14. Analysis & Synthesis Messages



----------------
; Legal Notice ;
----------------
Copyright (C) 2023  Intel Corporation. All rights reserved.
Your use of Intel Corporation's design tools, logic functions 
and other software and tools, and any partner logic 
functions, and any output files from any of the foregoing 
(including device programming or simulation files), and any 
associated documentation or information are expressly subject 
to the terms and conditions of the Intel Program License 
Subscription Agreement, the Intel Quartus Prime License Agreement,
the Intel FPGA IP License Agreement, or other applicable license
agreement, including, without limitation, that your use is for
the sole purpose of programming logic devices manufactured by
Intel and sold by Intel or its authorized distributors.  Please
refer to the applicable agreement for further details, at
https://fpgasoftware.intel.com/eula.



+-----------------------------------------------------------------------------------------+
; Analysis & Synthesis Summary                                                            ;
+------------------------------------+----------------------------------------------------+
; Analysis & Synthesis Status        ; Successful - Tue Apr 30 23:11:40 2024              ;
; Quartus Prime Version              ; 22.1std.1 Build 917 02/14/2023 SC Standard Edition ;
; Revision Name                      ; finalproject                                       ;
; Top-level Entity Name              ; main                                               ;
; Family                             ; Cyclone IV E                                       ;
; Total logic elements               ; 160                                                ;
;     Total combinational functions  ; 160                                                ;
;     Dedicated logic registers      ; 32                                                 ;
; Total registers                    ; 32                                                 ;
; Total pins                         ; 74                                                 ;
; Total virtual pins                 ; 0                                                  ;
; Total memory bits                  ; 0                                                  ;
; Embedded Multiplier 9-bit elements ; 0                                                  ;
; Total PLLs                         ; 0                                                  ;
+------------------------------------+----------------------------------------------------+


+------------------------------------------------------------------------------------------------------------+
; Analysis & Synthesis Settings                                                                              ;
+------------------------------------------------------------------+--------------------+--------------------+
; Option                                                           ; Setting            ; Default Value      ;
+------------------------------------------------------------------+--------------------+--------------------+
; Device                                                           ; EP4CE115F29C7      ;                    ;
; Top-level entity name                                            ; main               ; finalproject       ;
; Family name                                                      ; Cyclone IV E       ; Cyclone V          ;
; Use smart compilation                                            ; Off                ; Off                ;
; Enable parallel Assembler and Timing Analyzer during compilation ; On                 ; On                 ;
; Enable compact report table                                      ; Off                ; Off                ;
; Restructure Multiplexers                                         ; Auto               ; Auto               ;
; Create Debugging Nodes for IP Cores                              ; Off                ; Off                ;
; Preserve fewer node names                                        ; On                 ; On                 ;
; Intel FPGA IP Evaluation Mode                                    ; Enable             ; Enable             ;
; Verilog Version                                                  ; Verilog_2001       ; Verilog_2001       ;
; VHDL Version                                                     ; VHDL_1993          ; VHDL_1993          ;
; State Machine Processing                                         ; Auto               ; Auto               ;
; Safe State Machine                                               ; Off                ; Off                ;
; Extract Verilog State Machines                                   ; On                 ; On                 ;
; Extract VHDL State Machines                                      ; On                 ; On                 ;
; Ignore Verilog initial constructs                                ; Off                ; Off                ;
; Iteration limit for constant Verilog loops                       ; 5000               ; 5000               ;
; Iteration limit for non-constant Verilog loops                   ; 250                ; 250                ;
; Add Pass-Through Logic to Inferred RAMs                          ; On                 ; On                 ;
; Infer RAMs from Raw Logic                                        ; On                 ; On                 ;
; Parallel Synthesis                                               ; On                 ; On                 ;
; DSP Block Balancing                                              ; Auto               ; Auto               ;
; NOT Gate Push-Back                                               ; On                 ; On                 ;
; Power-Up Don't Care                                              ; On                 ; On                 ;
; Remove Redundant Logic Cells                                     ; Off                ; Off                ;
; Remove Duplicate Registers                                       ; On                 ; On                 ;
; Ignore CARRY Buffers                                             ; Off                ; Off                ;
; Ignore CASCADE Buffers                                           ; Off                ; Off                ;
; Ignore GLOBAL Buffers                                            ; Off                ; Off                ;
; Ignore ROW GLOBAL Buffers                                        ; Off                ; Off                ;
; Ignore LCELL Buffers                                             ; Off                ; Off                ;
; Ignore SOFT Buffers                                              ; On                 ; On                 ;
; Limit AHDL Integers to 32 Bits                                   ; Off                ; Off                ;
; Optimization Technique                                           ; Balanced           ; Balanced           ;
; Carry Chain Length                                               ; 70                 ; 70                 ;
; Auto Carry Chains                                                ; On                 ; On                 ;
; Auto Open-Drain Pins                                             ; On                 ; On                 ;
; Perform WYSIWYG Primitive Resynthesis                            ; Off                ; Off                ;
; Auto ROM Replacement                                             ; On                 ; On                 ;
; Auto RAM Replacement                                             ; On                 ; On                 ;
; Auto DSP Block Replacement                                       ; On                 ; On                 ;
; Auto Shift Register Replacement                                  ; Auto               ; Auto               ;
; Allow Shift Register Merging across Hierarchies                  ; Auto               ; Auto               ;
; Auto Clock Enable Replacement                                    ; On                 ; On                 ;
; Strict RAM Replacement                                           ; Off                ; Off                ;
; Allow Synchronous Control Signals                                ; On                 ; On                 ;
; Force Use of Synchronous Clear Signals                           ; Off                ; Off                ;
; Auto RAM Block Balancing                                         ; On                 ; On                 ;
; Auto RAM to Logic Cell Conversion                                ; Off                ; Off                ;
; Auto Resource Sharing                                            ; Off                ; Off                ;
; Allow Any RAM Size For Recognition                               ; Off                ; Off                ;
; Allow Any ROM Size For Recognition                               ; Off                ; Off                ;
; Allow Any Shift Register Size For Recognition                    ; Off                ; Off                ;
; Use LogicLock Constraints during Resource Balancing              ; On                 ; On                 ;
; Ignore translate_off and synthesis_off directives                ; Off                ; Off                ;
; Timing-Driven Synthesis                                          ; On                 ; On                 ;
; Report Parameter Settings                                        ; On                 ; On                 ;
; Report Source Assignments                                        ; On                 ; On                 ;
; Report Connectivity Checks                                       ; On                 ; On                 ;
; Ignore Maximum Fan-Out Assignments                               ; Off                ; Off                ;
; Synchronization Register Chain Length                            ; 2                  ; 2                  ;
; Power Optimization During Synthesis                              ; Normal compilation ; Normal compilation ;
; HDL message level                                                ; Level2             ; Level2             ;
; Suppress Register Optimization Related Messages                  ; Off                ; Off                ;
; Number of Removed Registers Reported in Synthesis Report         ; 5000               ; 5000               ;
; Number of Swept Nodes Reported in Synthesis Report               ; 5000               ; 5000               ;
; Number of Inverted Registers Reported in Synthesis Report        ; 100                ; 100                ;
; Clock MUX Protection                                             ; On                 ; On                 ;
; Auto Gated Clock Conversion                                      ; Off                ; Off                ;
; Block Design Naming                                              ; Auto               ; Auto               ;
; SDC constraint protection                                        ; Off                ; Off                ;
; Synthesis Effort                                                 ; Auto               ; Auto               ;
; Shift Register Replacement - Allow Asynchronous Clear Signal     ; On                 ; On                 ;
; Pre-Mapping Resynthesis Optimization                             ; Off                ; Off                ;
; Analysis & Synthesis Message Level                               ; Medium             ; Medium             ;
; Disable Register Merging Across Hierarchies                      ; Auto               ; Auto               ;
; Resource Aware Inference For Block RAM                           ; On                 ; On                 ;
+------------------------------------------------------------------+--------------------+--------------------+


+------------------------------------------+
; Parallel Compilation                     ;
+----------------------------+-------------+
; Processors                 ; Number      ;
+----------------------------+-------------+
; Number detected on machine ; 16          ;
; Maximum allowed            ; 8           ;
;                            ;             ;
; Average used               ; 1.00        ;
; Maximum used               ; 8           ;
;                            ;             ;
; Usage by Processor         ; % Time Used ;
;     Processor 1            ; 100.0%      ;
;     Processors 2-8         ;   0.0%      ;
+----------------------------+-------------+


+-------------------------------------------------------------------------------------------------------------------------------------------------------------------------+
; Analysis & Synthesis Source Files Read                                                                                                                                  ;
+----------------------------------+-----------------+------------------------------------+---------------------------------------------------------------------+---------+
; File Name with User-Entered Path ; Used in Netlist ; File Type                          ; File Name with Absolute Path                                        ; Library ;
+----------------------------------+-----------------+------------------------------------+---------------------------------------------------------------------+---------+
; bcd_2b.v                         ; yes             ; User Verilog HDL File              ; X:/cpre281/finalproject/cpre281_final_project/bcd_2b.v              ;         ;
; FSM.v                            ; yes             ; User Verilog HDL File              ; X:/cpre281/finalproject/cpre281_final_project/FSM.v                 ;         ;
; seven_seg_decoder7b.v            ; yes             ; User Verilog HDL File              ; X:/cpre281/finalproject/cpre281_final_project/seven_seg_decoder7b.v ;         ;
; main.bdf                         ; yes             ; User Block Diagram/Schematic File  ; X:/cpre281/finalproject/cpre281_final_project/main.bdf              ;         ;
; reg7.v                           ; yes             ; User Verilog HDL File              ; X:/cpre281/finalproject/cpre281_final_project/reg7.v                ;         ;
; memoryUnit.bdf                   ; yes             ; User Block Diagram/Schematic File  ; X:/cpre281/finalproject/cpre281_final_project/memoryUnit.bdf        ;         ;
; mux4_to_1_7b.v                   ; yes             ; User Verilog HDL File              ; X:/cpre281/finalproject/cpre281_final_project/mux4_to_1_7b.v        ;         ;
; decoder_2_to_4.v                 ; yes             ; User Verilog HDL File              ; X:/cpre281/finalproject/cpre281_final_project/decoder_2_to_4.v      ;         ;
; bcd_7b.v                         ; yes             ; User Verilog HDL File              ; X:/cpre281/finalproject/cpre281_final_project/bcd_7b.v              ;         ;
; binaryDisplay.bdf                ; yes             ; User Block Diagram/Schematic File  ; X:/cpre281/finalproject/cpre281_final_project/binaryDisplay.bdf     ;         ;
; mux2_to_1_9b.v                   ; yes             ; User Verilog HDL File              ; X:/cpre281/finalproject/cpre281_final_project/mux2_to_1_9b.v        ;         ;
; seven_seg_decoder.v              ; yes             ; Auto-Found Verilog HDL File        ; X:/cpre281/finalproject/cpre281_final_project/seven_seg_decoder.v   ;         ;
+----------------------------------+-----------------+------------------------------------+---------------------------------------------------------------------+---------+


+-----------------------------------------------------------+
; Analysis & Synthesis Resource Usage Summary               ;
+---------------------------------------------+-------------+
; Resource                                    ; Usage       ;
+---------------------------------------------+-------------+
; Estimated Total logic elements              ; 160         ;
;                                             ;             ;
; Total combinational functions               ; 160         ;
; Logic element usage by number of LUT inputs ;             ;
;     -- 4 input functions                    ; 137         ;
;     -- 3 input functions                    ; 10          ;
;     -- <=2 input functions                  ; 13          ;
;                                             ;             ;
; Logic elements by mode                      ;             ;
;     -- normal mode                          ; 160         ;
;     -- arithmetic mode                      ; 0           ;
;                                             ;             ;
; Total registers                             ; 32          ;
;     -- Dedicated logic registers            ; 32          ;
;     -- I/O registers                        ; 0           ;
;                                             ;             ;
; I/O pins                                    ; 74          ;
;                                             ;             ;
; Embedded Multiplier 9-bit elements          ; 0           ;
;                                             ;             ;
; Maximum fan-out node                        ; Clock~input ;
; Maximum fan-out                             ; 32          ;
; Total fan-out                               ; 830         ;
; Average fan-out                             ; 2.44        ;
+---------------------------------------------+-------------+


+-----------------------------------------------------------------------------------------------------------------------------------------------------------------------------------------------------------------------------------------------------+
; Analysis & Synthesis Resource Utilization by Entity                                                                                                                                                                                                 ;
+---------------------------------+---------------------+---------------------------+-------------+--------------+---------+-----------+------+--------------+--------------------------------------------------+----------------------+--------------+
; Compilation Hierarchy Node      ; Combinational ALUTs ; Dedicated Logic Registers ; Memory Bits ; DSP Elements ; DSP 9x9 ; DSP 18x18 ; Pins ; Virtual Pins ; Full Hierarchy Name                              ; Entity Name          ; Library Name ;
+---------------------------------+---------------------+---------------------------+-------------+--------------+---------+-----------+------+--------------+--------------------------------------------------+----------------------+--------------+
; |main                           ; 160 (0)             ; 32 (0)                    ; 0           ; 0            ; 0       ; 0         ; 74   ; 0            ; |main                                            ; main                 ; work         ;
;    |FSM:inst1|                  ; 7 (7)               ; 4 (4)                     ; 0           ; 0            ; 0       ; 0         ; 0    ; 0            ; |main|FSM:inst1                                  ; FSM                  ; work         ;
;    |bcd_2b:inst9|               ; 3 (3)               ; 0 (0)                     ; 0           ; 0            ; 0       ; 0         ; 0    ; 0            ; |main|bcd_2b:inst9                               ; bcd_2b               ; work         ;
;    |binaryDisplay:inst3|        ; 34 (0)              ; 0 (0)                     ; 0           ; 0            ; 0       ; 0         ; 0    ; 0            ; |main|binaryDisplay:inst3                        ; binaryDisplay        ; work         ;
;       |bcd_7b:inst|             ; 12 (12)             ; 0 (0)                     ; 0           ; 0            ; 0       ; 0         ; 0    ; 0            ; |main|binaryDisplay:inst3|bcd_7b:inst            ; bcd_7b               ; work         ;
;       |mux2_to_1_9b:inst7|      ; 8 (8)               ; 0 (0)                     ; 0           ; 0            ; 0       ; 0         ; 0    ; 0            ; |main|binaryDisplay:inst3|mux2_to_1_9b:inst7     ; mux2_to_1_9b         ; work         ;
;       |seven_seg_decoder:ones|  ; 7 (7)               ; 0 (0)                     ; 0           ; 0            ; 0       ; 0         ; 0    ; 0            ; |main|binaryDisplay:inst3|seven_seg_decoder:ones ; seven_seg_decoder    ; work         ;
;       |seven_seg_decoder:tens|  ; 7 (7)               ; 0 (0)                     ; 0           ; 0            ; 0       ; 0         ; 0    ; 0            ; |main|binaryDisplay:inst3|seven_seg_decoder:tens ; seven_seg_decoder    ; work         ;
;    |memoryUnit:inst|            ; 48 (1)              ; 28 (0)                    ; 0           ; 0            ; 0       ; 0         ; 0    ; 0            ; |main|memoryUnit:inst                            ; memoryUnit           ; work         ;
;       |mux4_to_1_7b:inst4|      ; 14 (14)             ; 0 (0)                     ; 0           ; 0            ; 0       ; 0         ; 0    ; 0            ; |main|memoryUnit:inst|mux4_to_1_7b:inst4         ; mux4_to_1_7b         ; work         ;
;       |reg7:REGISTER0|          ; 9 (9)               ; 7 (7)                     ; 0           ; 0            ; 0       ; 0         ; 0    ; 0            ; |main|memoryUnit:inst|reg7:REGISTER0             ; reg7                 ; work         ;
;       |reg7:REGISTER1|          ; 8 (8)               ; 7 (7)                     ; 0           ; 0            ; 0       ; 0         ; 0    ; 0            ; |main|memoryUnit:inst|reg7:REGISTER1             ; reg7                 ; work         ;
;       |reg7:REGISTER2|          ; 8 (8)               ; 7 (7)                     ; 0           ; 0            ; 0       ; 0         ; 0    ; 0            ; |main|memoryUnit:inst|reg7:REGISTER2             ; reg7                 ; work         ;
;       |reg7:REGISTER3|          ; 8 (8)               ; 7 (7)                     ; 0           ; 0            ; 0       ; 0         ; 0    ; 0            ; |main|memoryUnit:inst|reg7:REGISTER3             ; reg7                 ; work         ;
;    |seven_seg_decoder_7b:inst5| ; 17 (17)             ; 0 (0)                     ; 0           ; 0            ; 0       ; 0         ; 0    ; 0            ; |main|seven_seg_decoder_7b:inst5                 ; seven_seg_decoder_7b ; work         ;
;    |seven_seg_decoder_7b:inst6| ; 17 (17)             ; 0 (0)                     ; 0           ; 0            ; 0       ; 0         ; 0    ; 0            ; |main|seven_seg_decoder_7b:inst6                 ; seven_seg_decoder_7b ; work         ;
;    |seven_seg_decoder_7b:inst7| ; 17 (17)             ; 0 (0)                     ; 0           ; 0            ; 0       ; 0         ; 0    ; 0            ; |main|seven_seg_decoder_7b:inst7                 ; seven_seg_decoder_7b ; work         ;
;    |seven_seg_decoder_7b:inst8| ; 17 (17)             ; 0 (0)                     ; 0           ; 0            ; 0       ; 0         ; 0    ; 0            ; |main|seven_seg_decoder_7b:inst8                 ; seven_seg_decoder_7b ; work         ;
+---------------------------------+---------------------+---------------------------+-------------+--------------+---------+-----------+------+--------------+--------------------------------------------------+----------------------+--------------+
Note: For table entries with two numbers listed, the numbers in parentheses indicate the number of resources of the given type used by the specific entity alone. The numbers listed outside of parentheses indicate the total resources of the given type used by the specific entity and all of its sub-entities in the hierarchy.


Encoding Type:  One-Hot
+------------------------------------------------------------------------------------------------------------------+
; State Machine - |main|FSM:inst1|CurrentState                                                                     ;
+----------------------+----------------------+----------------------+----------------------+----------------------+
; Name                 ; CurrentState.STATE_3 ; CurrentState.STATE_2 ; CurrentState.STATE_1 ; CurrentState.STATE_0 ;
+----------------------+----------------------+----------------------+----------------------+----------------------+
; CurrentState.STATE_0 ; 0                    ; 0                    ; 0                    ; 0                    ;
; CurrentState.STATE_1 ; 0                    ; 0                    ; 1                    ; 1                    ;
; CurrentState.STATE_2 ; 0                    ; 1                    ; 0                    ; 1                    ;
; CurrentState.STATE_3 ; 1                    ; 0                    ; 0                    ; 1                    ;
+----------------------+----------------------+----------------------+----------------------+----------------------+


+------------------------------------------------------------+
; Registers Removed During Synthesis                         ;
+---------------------------------------+--------------------+
; Register name                         ; Reason for Removal ;
+---------------------------------------+--------------------+
; FSM:inst1|CurrentState~3              ; Lost fanout        ;
; FSM:inst1|CurrentState~4              ; Lost fanout        ;
; Total Number of Removed Registers = 2 ;                    ;
+---------------------------------------+--------------------+


+------------------------------------------------------+
; General Register Statistics                          ;
+----------------------------------------------+-------+
; Statistic                                    ; Value ;
+----------------------------------------------+-------+
; Total registers                              ; 32    ;
; Number of registers using Synchronous Clear  ; 0     ;
; Number of registers using Synchronous Load   ; 0     ;
; Number of registers using Asynchronous Clear ; 0     ;
; Number of registers using Asynchronous Load  ; 0     ;
; Number of registers using Clock Enable       ; 32    ;
; Number of registers using Preset             ; 0     ;
+----------------------------------------------+-------+


+-------------------------------------------------------------------------------------------------------------------------------------------------------------------+
; Multiplexer Restructuring Statistics (Restructuring Performed)                                                                                                    ;
+--------------------+-----------+---------------+----------------------+------------------------+------------+-----------------------------------------------------+
; Multiplexer Inputs ; Bus Width ; Baseline Area ; Area if Restructured ; Saving if Restructured ; Registered ; Example Multiplexer Output                          ;
+--------------------+-----------+---------------+----------------------+------------------------+------------+-----------------------------------------------------+
; 3:1                ; 7 bits    ; 14 LEs        ; 7 LEs                ; 7 LEs                  ; Yes        ; |main|memoryUnit:inst|reg7:REGISTER0|Dout[4]        ;
; 3:1                ; 7 bits    ; 14 LEs        ; 7 LEs                ; 7 LEs                  ; Yes        ; |main|memoryUnit:inst|reg7:REGISTER1|Dout[2]        ;
; 3:1                ; 7 bits    ; 14 LEs        ; 7 LEs                ; 7 LEs                  ; Yes        ; |main|memoryUnit:inst|reg7:REGISTER2|Dout[6]        ;
; 3:1                ; 7 bits    ; 14 LEs        ; 7 LEs                ; 7 LEs                  ; Yes        ; |main|memoryUnit:inst|reg7:REGISTER3|Dout[6]        ;
; 4:1                ; 7 bits    ; 14 LEs        ; 14 LEs               ; 0 LEs                  ; No         ; |main|memoryUnit:inst|mux4_to_1_7b:inst4|out[4]     ;
; 3:1                ; 3 bits    ; 6 LEs         ; 6 LEs                ; 0 LEs                  ; No         ; |main|binaryDisplay:inst3|mux2_to_1_9b:inst7|out[5] ;
; 3:1                ; 4 bits    ; 8 LEs         ; 8 LEs                ; 0 LEs                  ; No         ; |main|binaryDisplay:inst3|mux2_to_1_9b:inst7|out[2] ;
; 3:1                ; 5 bits    ; 10 LEs        ; 10 LEs               ; 0 LEs                  ; No         ; |main|seven_seg_decoder_7b:inst5|B                  ;
; 3:1                ; 5 bits    ; 10 LEs        ; 10 LEs               ; 0 LEs                  ; No         ; |main|seven_seg_decoder_7b:inst6|F                  ;
; 3:1                ; 5 bits    ; 10 LEs        ; 10 LEs               ; 0 LEs                  ; No         ; |main|seven_seg_decoder_7b:inst7|G                  ;
; 3:1                ; 5 bits    ; 10 LEs        ; 10 LEs               ; 0 LEs                  ; No         ; |main|seven_seg_decoder_7b:inst8|F                  ;
; 3:1                ; 4 bits    ; 8 LEs         ; 8 LEs                ; 0 LEs                  ; No         ; |main|FSM:inst1|CurrentState                        ;
+--------------------+-----------+---------------+----------------------+------------------------+------------+-----------------------------------------------------+


+-----------------------------------------------------+
; Post-Synthesis Netlist Statistics for Top Partition ;
+-----------------------+-----------------------------+
; Type                  ; Count                       ;
+-----------------------+-----------------------------+
; boundary_port         ; 74                          ;
; cycloneiii_ff         ; 32                          ;
;     ENA               ; 32                          ;
; cycloneiii_lcell_comb ; 175                         ;
;     normal            ; 175                         ;
;         0 data inputs ; 1                           ;
;         1 data inputs ; 14                          ;
;         2 data inputs ; 13                          ;
;         3 data inputs ; 10                          ;
;         4 data inputs ; 137                         ;
;                       ;                             ;
; Max LUT depth         ; 9.00                        ;
; Average LUT depth     ; 4.61                        ;
+-----------------------+-----------------------------+


+-------------------------------+
; Elapsed Time Per Partition    ;
+----------------+--------------+
; Partition Name ; Elapsed Time ;
+----------------+--------------+
; Top            ; 00:00:00     ;
+----------------+--------------+


+-------------------------------+
; Analysis & Synthesis Messages ;
+-------------------------------+
Info: *******************************************************************
Info: Running Quartus Prime Analysis & Synthesis
    Info: Version 22.1std.1 Build 917 02/14/2023 SC Standard Edition
    Info: Processing started: Tue Apr 30 23:11:33 2024
Info: Command: quartus_map --read_settings_files=on --write_settings_files=off finalproject -c finalproject
Warning (18236): Number of processors has not been specified which may cause overloading on shared machines.  Set the global assignment NUM_PARALLEL_PROCESSORS in your QSF to an appropriate value for best performance.
Info (20030): Parallel compilation is enabled and will use 8 of the 8 processors detected
Info (12021): Found 1 design units, including 1 entities, in source file bcd_2b.v
    Info (12023): Found entity 1: bcd_2b File: X:/cpre281/finalproject/cpre281_final_project/bcd_2b.v Line: 1
Info (12021): Found 1 design units, including 1 entities, in source file fsm.v
    Info (12023): Found entity 1: FSM File: X:/cpre281/finalproject/cpre281_final_project/FSM.v Line: 1
Info (12021): Found 1 design units, including 1 entities, in source file seven_seg_decoder7b.v
    Info (12023): Found entity 1: seven_seg_decoder_7b File: X:/cpre281/finalproject/cpre281_final_project/seven_seg_decoder7b.v Line: 1
Info (12021): Found 1 design units, including 1 entities, in source file mux2_1b.bdf
    Info (12023): Found entity 1: mux2_1b
Info (12021): Found 1 design units, including 1 entities, in source file mux8_4b.v
    Info (12023): Found entity 1: Mux8_4b File: X:/cpre281/finalproject/cpre281_final_project/Mux8_4b.v Line: 1
Info (12021): Found 1 design units, including 1 entities, in source file main.bdf
    Info (12023): Found entity 1: main
Info (12021): Found 1 design units, including 1 entities, in source file reg7.v
    Info (12023): Found entity 1: reg7 File: X:/cpre281/finalproject/cpre281_final_project/reg7.v Line: 1
Info (12021): Found 1 design units, including 1 entities, in source file memoryunit.bdf
    Info (12023): Found entity 1: memoryUnit
Info (12021): Found 1 design units, including 1 entities, in source file mux4_to_1_7b.v
    Info (12023): Found entity 1: mux4_to_1_7b File: X:/cpre281/finalproject/cpre281_final_project/mux4_to_1_7b.v Line: 1
Info (12021): Found 1 design units, including 1 entities, in source file decoder_2_to_4.v
    Info (12023): Found entity 1: decoder2_to_4 File: X:/cpre281/finalproject/cpre281_final_project/decoder_2_to_4.v Line: 2
Info (12021): Found 1 design units, including 1 entities, in source file mux2_to_1_7b.v
    Info (12023): Found entity 1: mux2_to_1_7b File: X:/cpre281/finalproject/cpre281_final_project/mux2_to_1_7b.v Line: 1
Info (12021): Found 1 design units, including 1 entities, in source file bcd_7b.v
    Info (12023): Found entity 1: bcd_7b File: X:/cpre281/finalproject/cpre281_final_project/bcd_7b.v Line: 5
Info (12021): Found 1 design units, including 1 entities, in source file seven_seg_decoder9b.v
    Info (12023): Found entity 1: seven_seg_decoder_9b File: X:/cpre281/finalproject/cpre281_final_project/seven_seg_decoder9b.v Line: 1
Info (12021): Found 1 design units, including 1 entities, in source file binarydisplay.bdf
    Info (12023): Found entity 1: binaryDisplay
Info (12021): Found 1 design units, including 1 entities, in source file mux2_to_1_9b.v
    Info (12023): Found entity 1: mux2_to_1_9b File: X:/cpre281/finalproject/cpre281_final_project/mux2_to_1_9b.v Line: 1
Info (12021): Found 1 design units, including 1 entities, in source file memoryunit_deprecated.bdf
    Info (12023): Found entity 1: memoryUnit_deprecated
Warning (12019): Can't analyze file -- file finalproject.v is missing
Info (12127): Elaborating entity "main" for the top level hierarchy
Warning (275012): Pin "TEST_WRITE" overlaps another pin, block, or symbol
Info (12128): Elaborating entity "seven_seg_decoder_7b" for hierarchy "seven_seg_decoder_7b:inst5"
Info (12128): Elaborating entity "memoryUnit" for hierarchy "memoryUnit:inst"
Info (12128): Elaborating entity "reg7" for hierarchy "memoryUnit:inst|reg7:REGISTER0"
Info (12128): Elaborating entity "decoder2_to_4" for hierarchy "memoryUnit:inst|decoder2_to_4:inst8"
Info (12128): Elaborating entity "mux4_to_1_7b" for hierarchy "memoryUnit:inst|mux4_to_1_7b:inst4"
Info (12128): Elaborating entity "FSM" for hierarchy "FSM:inst1"
Info (12128): Elaborating entity "binaryDisplay" for hierarchy "binaryDisplay:inst3"
Info (12128): Elaborating entity "mux2_to_1_9b" for hierarchy "binaryDisplay:inst3|mux2_to_1_9b:inst7"
Info (12128): Elaborating entity "bcd_7b" for hierarchy "binaryDisplay:inst3|bcd_7b:inst"
Warning (12125): Using design file seven_seg_decoder.v, which is not specified as a design file for the current project, but contains definitions for 1 design units and 1 entities in project
    Info (12023): Found entity 1: seven_seg_decoder File: X:/cpre281/finalproject/cpre281_final_project/seven_seg_decoder.v Line: 1
Info (12128): Elaborating entity "seven_seg_decoder" for hierarchy "binaryDisplay:inst3|seven_seg_decoder:tens"
Info (12128): Elaborating entity "bcd_2b" for hierarchy "bcd_2b:inst9"
Warning (13024): Output pins are stuck at VCC or GND
    Warning (13410): Pin "SEG44" is stuck at GND
    Warning (13410): Pin "SEG54" is stuck at GND
    Warning (13410): Pin "SEG64" is stuck at GND
    Warning (13410): Pin "SEG74" is stuck at GND
    Warning (13410): Pin "SEG31" is stuck at GND
Info (286030): Timing-Driven Synthesis is running
Info (17049): 2 registers lost all their fanouts during netlist optimizations.
Info (16010): Generating hard_block partition "hard_block:auto_generated_inst"
    Info (16011): Adding 0 node(s), including 0 DDIO, 0 PLL, 0 transceiver and 0 LCELL
Info (21057): Implemented 234 device resources after synthesis - the final resource count might be different
    Info (21058): Implemented 13 input pins
    Info (21059): Implemented 61 output pins
    Info (21061): Implemented 160 logic cells
Info: Quartus Prime Analysis & Synthesis was successful. 0 errors, 10 warnings
    Info: Peak virtual memory: 4823 megabytes
    Info: Processing ended: Tue Apr 30 23:11:40 2024
    Info: Elapsed time: 00:00:07
    Info: Total CPU time (on all processors): 00:00:08


